Search application started
data\file1.txt
data\file2.doc
data\file3.dat
data\file4.txt
data\file5.doc
data\file6.dat

Search application started
data\file1.txt
data\file2.doc
data\file3.dat
data\file4.txt
data\file5.doc
data\file6.dat

Search application started
data\file1.txt
data\file2.doc
data\file3.dat
data\file4.txt
data\file5.doc
data\file6.dat

Search application started
data\file1.txt
data\file2.doc
data\file3.dat
data\file4.txt
data\file5.doc
data\file6.dat

Search application started
data\file1.txt
data\file2.doc
data\file3.dat
data\file4.txt
data\file5.doc
data\file6.dat

Search application started
data\file1.txt
data\file2.doc
data\file3.dat
data\file4.txt
data\file5.doc
data\file6.dat

2/3/2021 11:18 : Search application started
2/3/2021 11:18 : data\file1.txt
data\file2.doc
data\file3.dat
data\file4.txt
data\file5.doc
data\file6.dat

